<?xml version="1.0" encoding="UTF-8"?>
<testsuites name="Test Suite (2)" time="58.519" tests="1" failures="0" errors="0">
   <testsuite name="Test Suite (2)" tests="1" failures="0" errors="0" time="58.519" skipped="0" timestamp="2023-09-21 19:07:00" hostname="kohilat - LapWinX-DAC59.arackal.co.in" id="Test Suites/Test Suite (2)">
      <properties>
         <property name="deviceName" value=""/>
         <property name="devicePlatform" value=""/>
         <property name="logFolder" value="C:\\Users\\kohilat\\git\\sampletest\\Reports\\20230921_190656\\Test Suite (2)\\20230921_190656"/>
         <property name="logFiles" value="C:\\Users\\kohilat\\git\\sampletest\\Reports\\20230921_190656\\Test Suite (2)\\20230921_190656\\execution0.log"/>
         <property name="attachments" value="C:\\Users\\kohilat\\git\\sampletest\\Reports\\20230921_190656\\Test Suite (2)\\20230921_190656\\1695303462117.png"/>
         <property name="hostName" value="kohilat - LapWinX-DAC59.arackal.co.in"/>
         <property name="os" value="Windows 10 64bit"/>
         <property name="katalonVersion" value="8.6.8.208"/>
         <property name="browser" value="Chrome 117.0.0.0"/>
         <property name="hostAddress" value="192.168.1.6"/>
         <property name="sessionId" value="2129a4a3132f69dceee7916e478a301f"/>
         <property name="seleniumVersion" value="3.141.59"/>
         <property name="proxyInformation" value="ProxyInformation { proxyOption=NO_PROXY, proxyServerType=HTTP, username=, password=********, proxyServerAddress=, proxyServerPort=0, executionList=&quot;&quot;, isApplyToDesiredCapabilities=true }"/>
         <property name="platform" value="Windows 10"/>
      </properties>
      <testcase name="Test Cases/testcase2" time="16.414" classname="Test Cases/testcase2" status="PASSED">
         <system-out><![CDATA[2023-09-21 19:07:42 - [TEST_CASE][PASSED] - Test Cases/testcase2: Test Cases/testcase2

2023-09-21 19:07:42 - [TEST_STEP][PASSED] - openBrowser(""): Browser is opened with url: ''

2023-09-21 19:07:42 - [MESSAGE][WARNING] - A browser is already opened. Closing browser and opening a new one

2023-09-21 19:07:42 - [MESSAGE][INFO] - Starting 'Chrome' driver

2023-09-21 19:07:42 - [MESSAGE][INFO] - Action delay is set to 0 milliseconds

2023-09-21 19:07:44 - [MESSAGE][PASSED] - Browser is opened with url: ''

2023-09-21 19:07:44 - [TEST_STEP][PASSED] - navigateToUrl("https://qa-practice.netlify.app/calendar"): Navigate to 'https://qa-practice.netlify.app/calendar' successfully

2023-09-21 19:07:47 - [MESSAGE][PASSED] - Navigate to 'https://qa-practice.netlify.app/calendar' successfully

2023-09-21 19:07:47 - [TEST_STEP][PASSED] - click(findTestObject("Object Repository/Page_QA Practice  Learn with RV/th_Feb 2018")): Object: 'Object Repository/Page_QA Practice  Learn with RV/th_Feb 2018' is clicked on

2023-09-21 19:07:51 - [MESSAGE][PASSED] - Object: 'Object Repository/Page_QA Practice  Learn with RV/th_Feb 2018' is clicked on

2023-09-21 19:07:51 - [TEST_STEP][PASSED] - click(findTestObject("Object Repository/Page_QA Practice  Learn with RV/th_Feb 2018")): Object: 'Object Repository/Page_QA Practice  Learn with RV/th_Feb 2018' is clicked on

2023-09-21 19:07:51 - [MESSAGE][PASSED] - Object: 'Object Repository/Page_QA Practice  Learn with RV/th_Feb 2018' is clicked on

2023-09-21 19:07:51 - [TEST_STEP][PASSED] - click(findTestObject("Object Repository/Page_QA Practice  Learn with RV/th_Feb 2018")): Object: 'Object Repository/Page_QA Practice  Learn with RV/th_Feb 2018' is clicked on

2023-09-21 19:07:52 - [MESSAGE][PASSED] - Object: 'Object Repository/Page_QA Practice  Learn with RV/th_Feb 2018' is clicked on

2023-09-21 19:07:52 - [TEST_STEP][PASSED] - click(findTestObject("Object Repository/Page_QA Practice  Learn with RV/th_Feb 2018")): Object: 'Object Repository/Page_QA Practice  Learn with RV/th_Feb 2018' is clicked on

2023-09-21 19:07:52 - [MESSAGE][PASSED] - Object: 'Object Repository/Page_QA Practice  Learn with RV/th_Feb 2018' is clicked on

2023-09-21 19:07:52 - [TEST_STEP][PASSED] - click(findTestObject("Object Repository/Page_QA Practice  Learn with RV/th_Feb 2018")): Object: 'Object Repository/Page_QA Practice  Learn with RV/th_Feb 2018' is clicked on

2023-09-21 19:07:53 - [MESSAGE][PASSED] - Object: 'Object Repository/Page_QA Practice  Learn with RV/th_Feb 2018' is clicked on

2023-09-21 19:07:53 - [TEST_STEP][PASSED] - doubleClick(findTestObject("Object Repository/Page_QA Practice  Learn with RV/th_Feb 2018")): Object: 'Object Repository/Page_QA Practice  Learn with RV/th_Feb 2018' is double clicked on

2023-09-21 19:07:53 - [MESSAGE][PASSED] - Object: 'Object Repository/Page_QA Practice  Learn with RV/th_Feb 2018' is double clicked on

2023-09-21 19:07:53 - [TEST_STEP][PASSED] - click(findTestObject("Object Repository/Page_QA Practice  Learn with RV/th_Feb 2018_next available")): Object: 'Object Repository/Page_QA Practice  Learn with RV/th_Feb 2018_next available' is clicked on

2023-09-21 19:07:54 - [MESSAGE][PASSED] - Object: 'Object Repository/Page_QA Practice  Learn with RV/th_Feb 2018_next available' is clicked on

2023-09-21 19:07:54 - [TEST_STEP][PASSED] - click(findTestObject("Object Repository/Page_QA Practice  Learn with RV/span")): Object: 'Object Repository/Page_QA Practice  Learn with RV/span' is clicked on

2023-09-21 19:07:54 - [MESSAGE][PASSED] - Object: 'Object Repository/Page_QA Practice  Learn with RV/span' is clicked on

2023-09-21 19:07:54 - [TEST_STEP][PASSED] - click(findTestObject("Object Repository/Page_QA Practice  Learn with RV/span")): Object: 'Object Repository/Page_QA Practice  Learn with RV/span' is clicked on

2023-09-21 19:07:55 - [MESSAGE][PASSED] - Object: 'Object Repository/Page_QA Practice  Learn with RV/span' is clicked on

2023-09-21 19:07:55 - [TEST_STEP][PASSED] - click(findTestObject("Object Repository/Page_QA Practice  Learn with RV/span")): Object: 'Object Repository/Page_QA Practice  Learn with RV/span' is clicked on

2023-09-21 19:07:55 - [MESSAGE][PASSED] - Object: 'Object Repository/Page_QA Practice  Learn with RV/span' is clicked on

2023-09-21 19:07:55 - [TEST_STEP][PASSED] - click(findTestObject("Object Repository/Page_QA Practice  Learn with RV/button_Apply")): Object: 'Object Repository/Page_QA Practice  Learn with RV/button_Apply' is clicked on

2023-09-21 19:07:56 - [MESSAGE][PASSED] - Object: 'Object Repository/Page_QA Practice  Learn with RV/button_Apply' is clicked on

2023-09-21 19:07:56 - [TEST_STEP][PASSED] - click(findTestObject("Object Repository/Page_QA Practice  Learn with RV/input_Basic Date Picker Example_calendar")): Object: 'Object Repository/Page_QA Practice  Learn with RV/input_Basic Date Picker Example_calendar' is clicked on

2023-09-21 19:07:56 - [MESSAGE][PASSED] - Object: 'Object Repository/Page_QA Practice  Learn with RV/input_Basic Date Picker Example_calendar' is clicked on

2023-09-21 19:07:56 - [TEST_STEP][PASSED] - click(findTestObject("Object Repository/Page_QA Practice  Learn with RV/td_23")): Object: 'Object Repository/Page_QA Practice  Learn with RV/td_23' is clicked on

2023-09-21 19:07:57 - [MESSAGE][PASSED] - Object: 'Object Repository/Page_QA Practice  Learn with RV/td_23' is clicked on

2023-09-21 19:07:57 - [TEST_STEP][PASSED] - click(findTestObject("Object Repository/Page_QA Practice  Learn with RV/div_Home                                   _6acd46")): Object: 'Object Repository/Page_QA Practice  Learn with RV/div_Home                                   _6acd46' is clicked on

2023-09-21 19:07:57 - [MESSAGE][PASSED] - Object: 'Object Repository/Page_QA Practice  Learn with RV/div_Home                                   _6acd46' is clicked on

2023-09-21 19:07:57 - [TEST_STEP][PASSED] - verifyElementText(findTestObject("Object Repository/Page_QA Practice  Learn with RV/input_Basic Date Picker Example_calendar"), ""): Actual text and expected text of test object 'Object Repository/Page_QA Practice  Learn with RV/input_Basic Date Picker Example_calendar' are matched.

2023-09-21 19:07:58 - [MESSAGE][PASSED] - Actual text and expected text of test object 'Object Repository/Page_QA Practice  Learn with RV/input_Basic Date Picker Example_calendar' are matched.

2023-09-21 19:07:58 - [TEST_STEP][PASSED] - verifyElementText(findTestObject("Object Repository/Page_QA Practice  Learn with RV/input_Range Date Picker Example_daterange"), ""): Actual text and expected text of test object 'Object Repository/Page_QA Practice  Learn with RV/input_Range Date Picker Example_daterange' are matched.

2023-09-21 19:07:58 - [MESSAGE][PASSED] - Actual text and expected text of test object 'Object Repository/Page_QA Practice  Learn with RV/input_Range Date Picker Example_daterange' are matched.]]></system-out>
         <system-err><![CDATA[]]></system-err>
      </testcase>
      <system-out><![CDATA[2023-09-21 19:07:00 - [TEST_SUITE][FAILED] - Test Suite (2): Test Cases/testcase2 FAILED.
Reason:
com.kms.katalon.core.exception.StepFailedException: Unable to click on object 'Object Repository/Page_QA Practice  Learn with RV/th_Feb 2018'
	at com.kms.katalon.core.webui.keyword.internal.WebUIKeywordMain.stepFailed(WebUIKeywordMain.groovy:64)
	at com.kms.katalon.core.webui.keyword.internal.WebUIKeywordMain.runKeyword(WebUIKeywordMain.groovy:26)
	at com.kms.katalon.core.webui.keyword.builtin.ClickKeyword.click(ClickKeyword.groovy:74)
	at com.kms.katalon.core.webui.keyword.builtin.ClickKeyword.execute(ClickKeyword.groovy:40)
	at com.kms.katalon.core.keyword.internal.KeywordExecutor.executeKeywordForPlatform(KeywordExecutor.groovy:74)
	at com.kms.katalon.core.webui.keyword.WebUiBuiltInKeywords.click(WebUiBuiltInKeywords.groovy:620)
	at com.kms.katalon.core.webui.keyword.WebUiBuiltInKeywords$click$1.call(Unknown Source)
	at testcase2.run(testcase2:24)
	at com.kms.katalon.core.main.ScriptEngine.run(ScriptEngine.java:194)
	at com.kms.katalon.core.main.ScriptEngine.runScriptAsRawText(ScriptEngine.java:119)
	at com.kms.katalon.core.main.TestCaseExecutor.runScript(TestCaseExecutor.java:448)
	at com.kms.katalon.core.main.TestCaseExecutor.doExecute(TestCaseExecutor.java:439)
	at com.kms.katalon.core.main.TestCaseExecutor.processExecutionPhase(TestCaseExecutor.java:418)
	at com.kms.katalon.core.main.TestCaseExecutor.accessMainPhase(TestCaseExecutor.java:410)
	at com.kms.katalon.core.main.TestCaseExecutor.execute(TestCaseExecutor.java:285)
	at com.kms.katalon.core.common.CommonExecutor.accessTestCaseMainPhase(CommonExecutor.java:65)
	at com.kms.katalon.core.main.TestSuiteExecutor.accessTestSuiteMainPhase(TestSuiteExecutor.java:148)
	at com.kms.katalon.core.main.TestSuiteExecutor.execute(TestSuiteExecutor.java:106)
	at com.kms.katalon.core.main.TestCaseMain.startTestSuite(TestCaseMain.java:187)
	at com.kms.katalon.core.main.TestCaseMain$startTestSuite$0.call(Unknown Source)
	at TempTestSuite1695303416175.run(TempTestSuite1695303416175.groovy:36)
Caused by: com.kms.katalon.core.webui.exception.WebElementNotFoundException: Web element with id: 'Object Repository/Page_QA Practice  Learn with RV/th_Feb 2018' located by '(.//*[normalize-space(text()) and normalize-space(.)='Sa'])[1]/following::th[2]' not found
	at com.kms.katalon.core.webui.common.WebUiCommonHelper.findWebElement(WebUiCommonHelper.java:1381)
	at com.kms.katalon.core.webui.keyword.internal.WebUIAbstractKeyword.findWebElement(WebUIAbstractKeyword.groovy:27)
	at com.kms.katalon.core.webui.keyword.builtin.ClickKeyword$_click_closure1.doCall(ClickKeyword.groovy:65)
	at com.kms.katalon.core.webui.keyword.builtin.ClickKeyword$_click_closure1.call(ClickKeyword.groovy)
	at com.kms.katalon.core.webui.keyword.internal.WebUIKeywordMain.runKeyword(WebUIKeywordMain.groovy:20)
	... 19 more]]></system-out>
      <system-err><![CDATA[2023-09-21 19:07:00 - [TEST_SUITE][FAILED] - Test Suite (2): Test Cases/testcase2 FAILED.
Reason:
com.kms.katalon.core.exception.StepFailedException: Unable to click on object 'Object Repository/Page_QA Practice  Learn with RV/th_Feb 2018'
	at com.kms.katalon.core.webui.keyword.internal.WebUIKeywordMain.stepFailed(WebUIKeywordMain.groovy:64)
	at com.kms.katalon.core.webui.keyword.internal.WebUIKeywordMain.runKeyword(WebUIKeywordMain.groovy:26)
	at com.kms.katalon.core.webui.keyword.builtin.ClickKeyword.click(ClickKeyword.groovy:74)
	at com.kms.katalon.core.webui.keyword.builtin.ClickKeyword.execute(ClickKeyword.groovy:40)
	at com.kms.katalon.core.keyword.internal.KeywordExecutor.executeKeywordForPlatform(KeywordExecutor.groovy:74)
	at com.kms.katalon.core.webui.keyword.WebUiBuiltInKeywords.click(WebUiBuiltInKeywords.groovy:620)
	at com.kms.katalon.core.webui.keyword.WebUiBuiltInKeywords$click$1.call(Unknown Source)
	at testcase2.run(testcase2:24)
	at com.kms.katalon.core.main.ScriptEngine.run(ScriptEngine.java:194)
	at com.kms.katalon.core.main.ScriptEngine.runScriptAsRawText(ScriptEngine.java:119)
	at com.kms.katalon.core.main.TestCaseExecutor.runScript(TestCaseExecutor.java:448)
	at com.kms.katalon.core.main.TestCaseExecutor.doExecute(TestCaseExecutor.java:439)
	at com.kms.katalon.core.main.TestCaseExecutor.processExecutionPhase(TestCaseExecutor.java:418)
	at com.kms.katalon.core.main.TestCaseExecutor.accessMainPhase(TestCaseExecutor.java:410)
	at com.kms.katalon.core.main.TestCaseExecutor.execute(TestCaseExecutor.java:285)
	at com.kms.katalon.core.common.CommonExecutor.accessTestCaseMainPhase(CommonExecutor.java:65)
	at com.kms.katalon.core.main.TestSuiteExecutor.accessTestSuiteMainPhase(TestSuiteExecutor.java:148)
	at com.kms.katalon.core.main.TestSuiteExecutor.execute(TestSuiteExecutor.java:106)
	at com.kms.katalon.core.main.TestCaseMain.startTestSuite(TestCaseMain.java:187)
	at com.kms.katalon.core.main.TestCaseMain$startTestSuite$0.call(Unknown Source)
	at TempTestSuite1695303416175.run(TempTestSuite1695303416175.groovy:36)
Caused by: com.kms.katalon.core.webui.exception.WebElementNotFoundException: Web element with id: 'Object Repository/Page_QA Practice  Learn with RV/th_Feb 2018' located by '(.//*[normalize-space(text()) and normalize-space(.)='Sa'])[1]/following::th[2]' not found
	at com.kms.katalon.core.webui.common.WebUiCommonHelper.findWebElement(WebUiCommonHelper.java:1381)
	at com.kms.katalon.core.webui.keyword.internal.WebUIAbstractKeyword.findWebElement(WebUIAbstractKeyword.groovy:27)
	at com.kms.katalon.core.webui.keyword.builtin.ClickKeyword$_click_closure1.doCall(ClickKeyword.groovy:65)
	at com.kms.katalon.core.webui.keyword.builtin.ClickKeyword$_click_closure1.call(ClickKeyword.groovy)
	at com.kms.katalon.core.webui.keyword.internal.WebUIKeywordMain.runKeyword(WebUIKeywordMain.groovy:20)
	... 19 more]]></system-err>
   </testsuite>
</testsuites>
